['DJOSK', 'GVWDY', 'WUCUE', 'IPTKZ', 'POWIF', 'DVUIP', 'FWNUC', 'ZMKKB', 'XGWLK', 'PRMXU']
['WCOKD', 'WWDSG', 'IKFPP', 'CIGRV', 'XKMLB', 'SDYFL', 'CKTYP', 'YGIVT', 'OEVYP', 'BGFSQ']
['ZCBVJ', 'DETHN', 'HSSBE', 'GBEFS', 'XTXPQ', 'ROHJV', 'ERYBS', 'VRWNN', 'OKQWW', 'VPKPA']
['WWAGV', 'CHIPP', 'IUZPB', 'NNUDO', 'ZPNLU', 'KEWYM', 'XMBIJ', 'POUVH', 'NMKQJ', 'PIXGL']
['KIXMT', 'YWUWK', 'XACAU', 'FRSDT', 'FAKTV', 'TNXMJ', 'OFZAA', 'GRYRL', 'CGIVE', 'BUNVF']
['MMKNM', 'YHNYF', 'IJSKE', 'TPSBD', 'ZSBJK', 'HWMIS', 'VOEIN', 'KIRNS', 'DMDLF', 'JTEVI']
['SLYLT', 'ZAEZD', 'CMBKG', 'PQALR', 'TRQKE', 'WYGPN', 'SDRNM', 'KMQJE', 'PDPOJ', 'YCNAD']
['MIFHN', 'MKPWN', 'ZLPHK', 'VSTRH', 'DTDBN', 'TLWMU', 'VNZJW', 'OOSUZ', 'OIDQE', 'EJQMA']
['CLSGV', 'CKCFC', 'VXCXL', 'UBINE', 'REMBW', 'NRCLV', 'OIYVR', 'HJSEX', 'WOFDB', 'KSGLM']
['VMXWY', 'HGEEI', 'FJWVG', 'VJJKH', 'YCMON', 'WIKBK', 'HQJWD', 'YQXTS', 'RIPUU', 'BYPBT']
['QRCPH', 'KAYTM', 'UQIAC', 'MFFMW', 'KDFTP', 'JGQHX', 'PBCXQ', 'AQVEK', 'EJKLM', 'PKGDQ']
['AHQNI', 'NUAOV', 'WRUYL', 'YEGYY', 'OIHRA', 'WZWVE', 'IVTNQ', 'UAIKK', 'TZIEO', 'UATFB']
['DIVHU', 'LORDZ', 'AXFPT', 'PCTHW', 'GBGJW', 'CUSMN', 'ZRCYK', 'QRTBQ', 'XUWEA', 'LXDSQ']
['REMHH', 'OZRFF', 'OMROL', 'PQDFR', 'OXWTH', 'HERYQ', 'JTIPD', 'SYBVG', 'WZJCH', 'XFPAP']
['UELNU', 'HAWDD', 'MYEHL', 'WPDNB', 'GFVKF', 'TQMWM', 'PKLDE', 'POCBR', 'GVPBI', 'PKRIG']
['VRSRL', 'ECUED', 'JYTNS', 'UVXWG', 'MBPCZ', 'TZZXP', 'ADVTN', 'DHGRA', 'PUTFF', 'YKOWK']
['DSOMP', 'NVMIR', 'FGXFT', 'FLUUK', 'AZJXS', 'PQCAU', 'QRFWZ', 'XVLJG', 'ESWGL', 'KGFLO']
['AEMCJ', 'RGOCU', 'JCPLD', 'DEPUQ', 'BJPBE', 'MRTBJ', 'HWVYL', 'TTNOM', 'DZKCC', 'MIATK']
['JMXDM', 'BHYPT', 'LVCWP', 'UAKQE', 'YZJZD', 'FZCHB', 'PJBJE', 'LQTXG', 'OLZGU', 'DETQL']
['CBMQH', 'WLQMV', 'COVDL', 'MOIWP', 'ELDRD', 'UPGRQ', 'YXMTZ', 'GNZHM', 'USTLW', 'FRRXR']
['JAUNJ', 'JKSWY', 'LGQTX', 'EXEPM', 'AESTR', 'YGXFP', 'MSKGV', 'TSVUU', 'YLXOL', 'IREQO']
['OCVZJ', 'OIPOS', 'QLOAH', 'VWUNS', 'GZAPY', 'CFXJX', 'UTEJK', 'LETWR', 'KEHIM', 'DNPGF']
['JRPFX', 'VVENW', 'JAUDH', 'URNVQ', 'UFBWS', 'GNMBM', 'PTXVH', 'WAFAF', 'NQPNG', 'FRPER']
['NNWNA', 'JYARZ', 'VSLUW', 'CYJLW', 'KHRMY', 'OKSAB', 'SLXVA', 'XFOHV', 'XRFWJ', 'BKBYK']
['XUERZ', 'BJKWH', 'QDOUT', 'KQLOM', 'UIDWQ', 'PFWIA', 'VGQJA', 'LQFAQ', 'IDTSI', 'NNYKG']
['ADXGC', 'AXSMW', 'WMDSK', 'JKPSF', 'FKAKX', 'VWYCA', 'SPCGF', 'EMESV', 'QXJTO', 'HMVEC']
['KZPMV', 'DDPKV', 'PRWEF', 'GVESY', 'ZDAFS', 'FJELG', 'AVKQA', 'ITHLN', 'GLBXD', 'YXUSW']
['IBOYJ', 'PBKGH', 'ASKFR', 'FXJAU', 'UUOMX', 'GRDFF', 'AFLVP', 'YRFGH', 'WFPEG', 'ALTMO']
['TOHAQ', 'FJWYX', 'QIAYT', 'BSTWJ', 'PCYOB', 'BEBMO', 'QJHDL', 'MNTLT', 'LQEXY', 'YRIIU']
['XOBKS', 'OECVS', 'TYGUS', 'UUIHY', 'ATWEN', 'PTBJF', 'SIAVE', 'CCQQW', 'GVWKK', 'RWJSY']
['PDLQZ', 'JGMBR', 'RLEOV', 'TFELX', 'AOWXA', 'AAJJD', 'USDOH', 'ZFASL', 'USXPK', 'TNJDV']
['RFBBG', 'JJSQB', 'GTQFF', 'ANGZU', 'SYHQM', 'HASZF', 'RRVLT', 'PDPDU', 'AJCRR', 'YZUCZ']
['GBXDS', 'DPANJ', 'HXTIK', 'RBUCG', 'YOQLK', 'MAEEM', 'JUVFB', 'BALCF', 'TRBOZ', 'BIAYS']
['PCYSH', 'HFMGI', 'OSLYV', 'ZIGCF', 'REMSC', 'KXCBA', 'GXAHJ', 'WSXGL', 'DURZW', 'VGAKU']
['YGBGL', 'WOLKS', 'LHBZA', 'BPMJU', 'RTMTX', 'JEZTJ', 'TDLVX', 'AFIDT', 'RNREF', 'NMBKG']
['RGFSF', 'BPVDQ', 'RJBDJ', 'KYYWQ', 'BKWGR', 'QOEXD', 'RPPDG', 'BSQXH', 'KLQNR', 'PDYPU']
['LFJIK', 'QHFXR', 'UTAKW', 'QDIGG', 'BMUNA', 'ROTKO', 'JSKRL', 'KVFTD', 'IGFGL', 'GXHXX']
['QWEDW', 'VQNEJ', 'GWFOY', 'ZHZLM', 'DYALF', 'GQTGE', 'WWPVV', 'MOTXU', 'SYEVT', 'PSJHT']
['IFBWW', 'ADVXJ', 'IBYFN', 'TMTHF', 'MBMNJ', 'ULVKK', 'BIQKP', 'CLZVT', 'SQQZB', 'CJUYF']
['WOEMK', 'BEOYY', 'OJKBQ', 'QDIFE', 'ICWIR', 'ZFKMZ', 'ETCUM', 'WEWVD', 'FYCXB', 'QPJMV']
['TVJPS', 'TDBXF', 'QTJCH', 'YQHPO', 'PUJUB', 'YBLSA', 'YXPCN', 'IXPFI', 'SKAHW', 'JSSRW']
['LROLT', 'JVVVR', 'OZHVM', 'QBVMJ', 'TVTUO', 'WPOTQ', 'YHTFJ', 'EJYCG', 'RPHQM', 'UGAZW']
['BSNVX', 'GKQLT', 'XFRMF', 'PVBBK', 'DAWIJ', 'RPXDU', 'IMSCS', 'RIVEE', 'BHEJD', 'WFGMY']
['WNNEC', 'RXRJO', 'VKUJZ', 'WLPRL', 'UIICZ', 'HFAEA', 'TIFHQ', 'SSAIB', 'ZKAEP', 'DNQIF']
['HNATA', 'EOPNL', 'OEUPL', 'QXAHE', 'BKQWX', 'MHLTE', 'MGNDB', 'AWDVH', 'FZVRO', 'GLSCM']
['VIZKN', 'UKWYH', 'UGIAC', 'YUULN', 'ILEDJ', 'UNLNF', 'MAXSA', 'LXHXJ', 'UWWSO', 'LQPKU']
['CVWTX', 'WYEAX', 'TQGMI', 'LIRIR', 'ZRLXS', 'VFXPR', 'ZHGIM', 'UILGO', 'KQLVH', 'IZHGM']
['HCEKV', 'XSHVH', 'DVTXD', 'BMHHU', 'QNVVO', 'MECOG', 'RXCNM', 'YNVDL', 'NJJSC', 'EYLOH']
['TTZZN', 'HNGPN', 'NBQUY', 'OSFUY', 'XUYLG', 'PVDZJ', 'RTLEU', 'SKCIG', 'OEYCP', 'JUUEH']
['YWYQC', 'FBFHM', 'MPTBE', 'TLIDL', 'ZWKQR', 'UQJIW', 'FDJHA', 'KHKLC', 'OQDQI', 'ZAHDX']
['ECBJA', 'PSOJQ', 'HPLUB', 'WIGYH', 'FKSEU', 'RIQYR', 'LUNEY', 'NCALC', 'RGEJU', 'VDQOF']
['SABFK', 'OQYLK', 'EOPLD', 'ZYAWA', 'MLFIO', 'GEZUX', 'ZHZZQ', 'ZPUTG', 'HQVYV', 'IZSWA']
['DQLNA', 'VGUDB', 'MSEWQ', 'STCNL', 'KLCKP', 'VOKDV', 'OIYAY', 'MVZNG', 'HRBCQ', 'KGXSV']
['XBZEA', 'IVOSS', 'FADFD', 'DLAFR', 'OQAIU', 'DSAOR', 'VBNIU', 'CSKLY', 'MCBPI', 'CTDMQ']
['GECQI', 'WXIFJ', 'JRBLE', 'JKWPJ', 'LROHM', 'WMFHO', 'MTZAI', 'LVBCL', 'TWGJJ', 'VCSMG']
['XERYG', 'ZFBIT', 'SWPVQ', 'ERXLX', 'BCEBB', 'PHWUT', 'SWRYB', 'TAXAX', 'CLBDL', 'ILZRR']
['KNOIV', 'IVWQL', 'UPXWI', 'AQEFX', 'SFAVI', 'KDIXJ', 'SUZIU', 'TZDDG', 'ITKNZ', 'FDNYE']
['JDSJE', 'ILQXC', 'EEXMY', 'FQPJY', 'AGLPL', 'PZPJL', 'SKJDB', 'ZZEDT', 'CRCFC', 'HIALX']
['NZDDV', 'YPEOA', 'SCLPI', 'ONOYQ', 'QEWBB', 'LRNVS', 'FJQPC', 'CDSME', 'UGYSZ', 'WRZEL']
['WKWYN', 'CYBEJ', 'ROMIA', 'CGMNL', 'BYXGP', 'GPYGT', 'JHZTD', 'XICJJ', 'BSAQI', 'VDQAT']
['LCQQT', 'FJASK', 'VIDXZ', 'FBMKB', 'RRNZT', 'XUSYT', 'EAGYI', 'RIMIU', 'LXHLT', 'VZADQ']
['EKMGX', 'FEFVK', 'GJUFG', 'UAWVE', 'CXNPQ', 'MJJHU', 'DHAAQ', 'ATVZF', 'UNFKS', 'AZKKU']
['RSNFJ', 'TWUJD', 'XCINV', 'AORUP', 'ZZQMC', 'SYNTO', 'WDXGL', 'IQDRU', 'RZJCK', 'VLZSX']
['GWBBA', 'PPZVJ', 'TRCAB', 'FXYDQ', 'SGPBM', 'KPRIC', 'NYCWZ', 'WZKZY', 'MREZF', 'DOLBV']
['BESHM', 'XLRVA', 'TAGJP', 'PLBXQ', 'EKGZF', 'OZWGF', 'LWYNR', 'VKCSA', 'ZCJUL', 'ZPJDK']
['DKJGQ', 'JIYKE', 'CFQXR', 'APFKB', 'ZBODB', 'STUAK', 'ELZCG', 'CSSQB', 'TVQBW', 'PITFW']
['CQHQK', 'ZGSVE', 'KWDAI', 'OLAXZ', 'WWMZS', 'ONANR', 'QIZIJ', 'ASLYL', 'NIFYU', 'JVARE']
['FDUJJ', 'OKKOP', 'WAJXO', 'VKJNN', 'ADQWV', 'NQMEX', 'WHGJY', 'IRTQX', 'DYWKJ', 'KANFJ']
['URTRV', 'MUCEL', 'IOZKJ', 'WTNHR', 'KRFIS', 'NBVQA', 'ZNPED', 'UCRIM', 'VGGYH', 'JNMLL']
['TDOLY', 'VLIUC', 'KXCEZ', 'IZZBY', 'ASMNR', 'DQAJW', 'VNISG', 'EDTOA', 'CUQPQ', 'VOZKK']
['DCEYP', 'JMKDA', 'ECBOS', 'XISCW', 'MAUVR', 'UDRIH', 'NNETM', 'LYDSY', 'WMXHF', 'CPGOX']
['UCKGO', 'MSNDL', 'LDPSY', 'DABLQ', 'TMSPN', 'XWFRQ', 'NGGLC', 'HYBJW', 'XPXLN', 'LFXPB']
['QDJMB', 'WKNMS', 'YDIPB', 'WUWQG', 'MGROM', 'HITWV', 'RXKYU', 'QLACD', 'SRWDH', 'XYFYX']
['XVWBM', 'NAZXF', 'WNNFV', 'JMXRQ', 'EADWV', 'UCVHS', 'VYTDI', 'TOYKG', 'OXARV', 'FIRWY']
['WRUCU', 'XYOWD', 'MUDCM', 'PXXAO', 'BBYJW', 'YVARI', 'ACXRZ', 'LMQCE', 'IWRNR', 'EHAIO']
['FIKTU', 'ITYOV', 'LJMUY', 'MLWTR', 'TZXMJ', 'XLSCM', 'XEBMW', 'KAGBO', 'ARPYF', 'MCDZG']
['CBOLL', 'BKFWU', 'ZVDQY', 'NAGRG', 'DNMXZ', 'UWXPJ', 'FLLSR', 'YZHQX', 'CVNTZ', 'DPXMT']
['XLMYO', 'KMCRH', 'IIQQB', 'OQGTF', 'CXNLK', 'YMFZM', 'SZIGJ', 'RDXHX', 'JCCIK', 'CUFPW']
['AGFRR', 'KLVPU', 'IJPFG', 'JGQTB', 'RZVUX', 'QDBXO', 'VQVIM', 'UIJMD', 'GSOQU', 'FXDQL']
['TTVJB', 'EPIBE', 'GKVKE', 'HFYQS', 'BNSMF', 'SENMT', 'MWVEY', 'GMMTA', 'PJJQQ', 'BDSSH']
['APQJM', 'IMFLK', 'BVWOT', 'SSSVC', 'ZAWKU', 'EBVJB', 'MOEQL', 'JOZSN', 'ZKFWC', 'OOHGE']
['RBXLI', 'MRGXW', 'QCSFX', 'ETKEV', 'HHZNP', 'FUXEC', 'SLRBD', 'WZYCN', 'SWWJT', 'TMNVY']
['AGTLF', 'BNGOH', 'PBOJE', 'PELAC', 'NFYGH', 'KNGQN', 'SEWFY', 'NMIZY', 'MIAGD', 'XDDSL']
['QEPZL', 'DHAFL', 'BXIQT', 'KUZEM', 'EKGXM', 'KWEMO', 'VISVG', 'EKUZU', 'EDCKZ', 'UEWOD']
['BLLLQ', 'WVQED', 'WGRZW', 'QUCHP', 'SBFIP', 'VBXQI', 'HNBQL', 'XSUVN', 'KEBOC', 'CPCYX']
['PKZAS', 'NOEYF', 'AHHVY', 'NVJQB', 'ARCRA', 'GHUZZ', 'RDVRA', 'DJIZH', 'WAYVD', 'ICVCV']
['FQYBH', 'ZEJYQ', 'LZYGC', 'TFGAC', 'DYLWU', 'VZJDI', 'DCTHN', 'ZDTLT', 'XCXCB', 'RIMEB']
['IAODO', 'KVQPW', 'JMIIR', 'AAYOF', 'WMWQB', 'DSEMO', 'AAHFV', 'SMBYF', 'XBSTP', 'GWTMT']
['NWBYQ', 'PZRXL', 'XMGHV', 'BBOHG', 'AUFZQ', 'OWZHW', 'OXPUU', 'SFQXZ', 'ZEUMQ', 0]
