['AAA', 'AXF', 'ARB', 'AUG', 'AOU', 'AGN', 'ALJ', 'ACO', 'BLW', 'AEF', 'ARO', 'AHD', 'AAH', 'ABJ', 'BDR', 'BLQ', 'ADV', 'ALX', 'ADD', 'AAC', 'BCE', 'ABF', 'AVW', 'BLN', 'BEL']
['AUS', 'AEJ', 'AOD', 'BNX', 'ACC', 'BFS', 'BLU', 'BKI', 'ATU', 'AOC', 'BOI', 'BEP', 'AIV', 'BOR', 'AMC', 'BDW', 'BDC', 'BNT', 'ARF', 'BGA', 'ADC', 'AKT', 'AHA', 'BCC', 'BAO']
['BHQ', 'BGT', 'BIM', 'AHQ', 'ABV', 'AUA', 'APN', 'ADL', 'AYC', 'BKG', 'ARQ', 'AOR', 'ADQ', 'AAW', 'AHT', 'AHL', 'AIE', 'BJM', 'BKC', 'ACK', 'APD', 'BAJ', 'AIB', 'BKT', 'AFV']
['BMP', 'AMM', 'BCA', 'AQN', 'BNH', 'AWP', 'AGP', 'BGQ', 'BEW', 'AVC', 'AWW', 'BNV', 'AHB', 'ASB', 'BBK', 'AVF', 'AAB', 'ATS', 'ANY', 'BGB', 'BEA', 'BET', 'AHP', 'AMD', 'ANM']
['AIU', 'BLF', 'ACX', 'AIG', 'BEH', 'BON', 'BKE', 'AWF', 'AEE', 'AKM', 'ARV', 'BLP', 'BOY', 'ADK', 'ASK', 'AWM', 'AHC', 'ACP', 'ATR', 'BLI', 'BOE', 'AWX', 'BEB', 'BEG', 'BHI']
['BEV', 'AIN', 'BHW', 'ABL', 'AWL', 'ADE', 'ASN', 'BIF', 'BBJ', 'ATI', 'BLB', 'BFX', 'ABX', 'AEC', 'BAT', 'AAU', 'BNJ', 'AMK', 'ABP', 'BOQ', 'AAT', 'BCU', 'ASV', 'BHD', 'AUK']
['AAL', 'BGG', 'BIO', 'AKO', 'AXK', 'AKY', 'BHS', 'AQC', 'AXQ', 'AIR', 'AAO', 'AKC', 'BFO', 'BKQ', 'AFQ', 'AWB', 'ARK', 'AED', 'BMF', 'BJN', 'BCS', 'AYH', 'AWI', 'BJG', 'ASM']
['BGE', 'AEB', 'ANN', 'BOF', 'AEG', 'AJV', 'BFN', 'AOO', 'BAI', 'AMB', 'ATN', 'BGN', 'AKG', 'BFQ', 'AJX', 'AEP', 'ACR', 'AEK', 'BDG', 'AVN', 'AQF', 'AIM', 'BJH', 'AJG', 'BBR']
['ARM', 'AEW', 'AFD', 'AHS', 'BHJ', 'AQJ', 'ASH', 'BBI', 'BDP', 'ABG', 'BOA', 'AIT', 'APR', 'BFM', 'APT', 'APH', 'AVI', 'BKU', 'AUE', 'AES', 'AGB', 'BIS', 'AIJ', 'ASS', 'BBC']
['BCT', 'AHG', 'BJK', 'ANU', 'AXI', 'BIW', 'AFL', 'BHN', 'AQM', 'AKP', 'AEA', 'AJE', 'BAV', 'BDU', 'AAK', 'AIC', 'AKQ', 'BAR', 'BNY', 'AVE', 'AGE', 'BBG', 'BHV', 'AQE', 'AVQ']
['AWG', 'AJL', 'AOJ', 'BLG', 'ARR', 'AOG', 'AGC', 'AWV', 'ADA', 'AOY', 'AVV', 'BBU', 'AYB', 'APW', 'BHC', 'BIX', 'BNI', 'AKF', 'AAX', 'AOT', 'BNF', 'AVY', 'BNU', 'AYR', 'APF']
['BMD', 'AUI', 'AIQ', 'BCL', 'BHL', 'BNG', 'APV', 'AJP', 'ADB', 'AFT', 'AJU', 'BLO', 'AGD', 'AXO', 'AAR', 'AOI', 'AJY', 'ADI', 'BEY', 'BKN', 'AEH', 'AVM', 'ATT', 'BLE', 'AFF']
['AHJ', 'BEK', 'AQI', 'ATV', 'AYX', 'BMX', 'AJN', 'AGG', 'ABU', 'BIL', 'BCM', 'ASX', 'BDB', 'AUJ', 'BKP', 'AHN', 'AOM', 'ANK', 'AXE', 'BKB', 'BID', 'AEM', 'BAF', 'ALA', 'AFY']
['AGL', 'AFH', 'APC', 'BFV', 'AMU', 'AAS', 'BKV', 'BHA', 'BJF', 'BAA', 'BJS', 'AFA', 'AOB', 'AXU', 'AHF', 'AKA', 'AFO', 'AOL', 'BDI', 'AIX', 'BGX', 'ADR', 'ADW', 'ATQ', 'ATD']
['BKD', 'BCG', 'BAE', 'BDA', 'BDD', 'BHM', 'BLT', 'BMI', 'BOX', 'AYS', 'BDS', 'AVD', 'AND', 'BFH', 'BBV', 'BFG', 'AFM', 'BDV', 'BKY', 'AEI', 'AOA', 'BKX', 'AFP', 'ANW', 'BOU']
['AUV', 'AUT', 'AAN', 'BMY', 'ARY', 'ANA', 'BEE', 'AKJ', 'BAH', 'AFB', 'BBL', 'BKH', 'API', 'BJP', 'BOH', 'AXC', 'AGJ', 'BGM', 'BAC', 'AVX', 'AMO', 'ALF', 'BOW', 'AMH', 'BMG']
['AXJ', 'ABC', 'BOL', 'AUM', 'BDQ', 'ARU', 'BAX', 'AUP', 'ATK', 'ASG', 'BCX', 'AVB', 'AKD', 'BMB', 'AMV', 'BDT', 'AMF', 'ASJ', 'BJL', 'AGX', 'AQA', 'BNB', 'AVK', 'AYM', 'AQL']
['ABM', 'BLD', 'BFK', 'BOP', 'ACS', 'BGJ', 'ATW', 'AUU', 'BJC', 'BLC', 'ABR', 'BFR', 'BCQ', 'ABT', 'ABN', 'BBO', 'BME', 'BFL', 'ATY', 'BDL', 'AEX', 'AKX', 'BMJ', 'BGL', 'BKJ']
['AAE', 'ALH', 'ABO', 'AQG', 'BBB', 'AFR', 'AJI', 'ALU', 'BIN', 'BIJ', 'AIO', 'AOX', 'AXW', 'AQX', 'BOJ', 'ASA', 'AMS', 'BGY', 'AJW', 'AFJ', 'AXT', 'AJS', 'AEL', 'ACU', 'APK']
['AXN', 'BGW', 'AGI', 'AMT', 'AMR', 'BCW', 'ADP', 'AST', 'BDF', 'ACQ', 'ADH', 'APM', 'ADT', 'BHR', 'BLS', 'AUR', 'ARN', 'AIL', 'AVG', 'AXR', 'AAY', 'BEM', 'AVU', 'AXV', 'BAQ']
['AWN', 'AIF', 'BBT', 'BFJ', 'BGF', 'BAU', 'BHH', 'ARS', 'AGA', 'AOV', 'AWA', 'AGS', 'BBP', 'BJI', 'AJR', 'AOQ', 'AUW', 'ATB', 'BHK', 'AUL', 'AUX', 'BCP', 'AIA', 'ALS', 'BBD']
['ALV', 'ABA', 'AAG', 'ARL', 'BBY', 'BML', 'ARW', 'AOF', 'BNR', 'BOV', 'ADM', 'BGK', 'AUC', 'AQD', 'AAI', 'AWJ', 'AKW', 'BKR', 'BAD', 'AVT', 'AKU', 'AGH', 'AFE', 'BED', 'BKM']
['ACL', 'BEN', 'AYF', 'ALT', 'AQP', 'ALB', 'BFP', 'AHX', 'BLR', 'AHW', 'BFE', 'BIQ', 'ASC', 'AQK', 'BNQ', 'BNC', 'AYQ', 'BMV', 'BNA', 'ARC', 'AFU', 'AJC', 'ANQ', 'BCH', 'BDK']
['BDY', 'BHB', 'BLX', 'AOS', 'BIT', 'BES', 'BJO', 'ARX', 'BIK', 'ACT', 'BGD', 'AJB', 'AIK', 'BDH', 'APB', 'ARI', 'AXM', 'AGT', 'BLV', 'ACN', 'AFG', 'BCD', 'BAG', 'AEV', 'BLM']
['AHH', 'ATM', 'BIB', 'ABS', 'BHG', 'BHO', 'APY', 'ALP', 'ABI', 'BCI', 'ACV', 'ANF', 'ATE', 'AYJ', 'ANJ', 'BJW', 'BNW', 'ACI', 'ACE', 'AWR', 'BEU', 'BMK', 'BDO', 'APS', 'AMN']
['BJT', 'AXL', 'ASO', 'AEQ', 'ART', 'BHE', 'ATL', 'AYL', 'BDE', 'AMI', 'BCK', 'AWH', 'AUB', 'BKS', 'ADG', 'BLK', 'ACB', 'AGQ', 'AWQ', 'BBW', 'BCB', 'AXB', 'BLH', 'BMC', 'AAD']
['BJJ', 'AYK', 'ARP', 'AJF', 'BIP', 'AWD', 'AVP', 'ACG', 'AAQ', 'BCY', 'BNN', 'ADJ', 'ALI', 'AJK', 'BCF', 'ADO', 'BNS', 'AFI', 'AIW', 'AYT', 'ADY', 'APE', 'ACY', 'BJE', 'BKA']
['AKR', 'ASQ', 'AJD', 'AML', 'ANL', 'AAM', 'BAM', 'BBS', 'AMP', 'BNP', 'BMS', 'AKB', 'AYV', 'BKW', 'BLA', 'BOO', 'AJQ', 'APP', 'ANC', 'AMX', 'BBQ', 'AUN', 'ALM', 'AIS', 'AFK']
['AXD', 'AYA', 'BMN', 'BJV', 'ALW', 'ARE', 'BEX', 'ALY', 'ALR', 'AHM', 'AVS', 'BIC', 'BMQ', 'APX', 'AAJ', 'ADU', 'BNO', 'ACM', 'ALL', 'BIU', 'AJA', 'BGH', 'BII', 'BBN', 'BAN']
['AQO', 'BFD', 'BDN', 'AFW', 'ATG', 'BKF', 'ANO', 'BAY', 'AYN', 'AMG', 'AGK', 'AUY', 'AWO', 'ATX', 'AKV', 'ACF', 'BOK', 'BNK', 'ACA', 'ADF', 'AUH', 'BJR', 'BND', 'AQB', 'ANP']
['BJD', 'AHK', 'AFX', 'ANV', 'BIA', 'AYW', 'AMQ', 'ARH', 'APU', 'BFB', 'ASY', 'BHU', 'BJA', 'AGW', 'AYO', 'AEN', 'ABY', 'AVR', 'AAF', 'AWC', 'AYP', 'AEO', 'ACH', 'BHP', 'BCR']
['BMA', 'AOE', 'BGU', 'BHY', 'AKN', 'AUD', 'BCN', 'ABW', 'ASD', 'BLY', 'BAS', 'ALC', 'BKO', 'BAK', 'ALD', 'AON', 'APQ', 'ALE', 'BAW', 'AET', 'APL', 'BFW', 'BIH', 'AEY', 'AHV']
['AIH', 'AQS', 'ANE', 'BCO', 'BOM', 'AID', 'AHI', 'AAV', 'BBF', 'AKK', 'AKL', 'AXY', 'BJY', 'BAB', 'ATH', 'ABE', 'BAP', 'BCV', 'ARA', 'BIV', 'BMT', 'BOS', 'AQW', 'AYE', 'AKI']
['BGS', 'ABH', 'ADN', 'AYD', 'AMW', 'BBA', 'AUQ', 'AIP', 'ARJ', 'BOD', 'AJO', 'BEJ', 'ABK', 'BHT', 'AQQ', 'AXG', 'AQY', 'AOP', 'ABB', 'ASR', 'BMO', 'AMY', 'BFC', 'BEO', 'ATJ']
['AVO', 'BLL', 'AUO', 'AJH', 'AJM', 'BFF', 'AMA', 'BOT', 'ATP', 'BEF', 'ATO', 'AJT', 'AJJ', 'BGI', 'APO', 'ANR', 'ALG', 'AGR', 'BAL', 'BBH', 'BFY', 'BEI', 'BFA', 'AXX', 'AYU']
['AQV', 'AHU', 'AGV', 'AVH', 'ABQ', 'ANX', 'AXA', 'AGU', 'APJ', 'BEQ', 'ACD', 'BIE', 'AWY', 'AFC', 'ANS', 'ALQ', 'ADX', 'ACJ', 'AXP', 'BIR', 'BIY', 'BNM', 'AHE', 'AGY', 'AWS']
['ASP', 'BJU', 'AKH', 'BCJ', 'AOH', 'BLJ', 'BEC', 'ASW', 'ASF', 'ARD', 'BFU', 'AFS', 'BHF', 'ALK', 'AOK', 'AVA', 'AYI', 'ACW', 'ASI', 'AMJ', 'BMU', 'BGC', 'AYY', 'ARG', 'APA']
['AWE', 'ATF', 'BNE', 'AME', 'AWU', 'AKE', 'BNL', 'AVJ', 'AYG', 'BBM', 'ANI', 'BOG', 'BOC', 'ANH', 'AGM', 'AAP', 'BER', 'ASL', 'AII', 'AER', 'AQU', 'AQH', 'BJQ', 'ATC', 'BMH']
['BOB', 'AUF', 'ABD', 'BIG', 'BFI', 'BGV', 'AXH', 'BHX', 'AQR', 'AGF', 'AHR', 'BJB', 'BDM', 'AXS', 'BKK', 'AHY', 'AWT', 'ANG', 'BDX', 'AWK', 'ALO', 'ALN', 'BMM', 'AKS', 'BGR']
['AQT', 'AFN', 'AOW', 'BMW', 'AEU', 'ADS', 'AGO', 'AHO', 'AIY', 'ANB', 'ANT', 'APG', 'ASE', 'ASU', 'ATA', 'AVL', 'BBE', 'BBX', 'BDJ', 'BFT', 'BGO', 'BGP', 'BJX', 'BKL', 'BMR']
